<html>
<head>
<title>TestNG:  APP_Tests</title>
<link href="../testng.css" rel="stylesheet" type="text/css" />
<link href="../my-testng.css" rel="stylesheet" type="text/css" />

<style type="text/css">
.log { display: none;} 
.stack-trace { display: none;} 
</style>
<script type="text/javascript">
<!--
function flip(e) {
  current = e.style.display;
  if (current == 'block') {
    e.style.display = 'none';
    return 0;
  }
  else {
    e.style.display = 'block';
    return 1;
  }
}

function toggleBox(szDivId, elem, msg1, msg2)
{
  var res = -1;  if (document.getElementById) {
    res = flip(document.getElementById(szDivId));
  }
  else if (document.all) {
    // this is the way old msie versions work
    res = flip(document.all[szDivId]);
  }
  if(elem) {
    if(res == 0) elem.innerHTML = msg1; else elem.innerHTML = msg2;
  }

}

function toggleAllBoxes() {
  if (document.getElementsByTagName) {
    d = document.getElementsByTagName('div');
    for (i = 0; i < d.length; i++) {
      if (d[i].className == 'log') {
        flip(d[i]);
      }
    }
  }
}

// -->
</script>

</head>
<body>
<h2 align='center'>APP_Tests</h2><table border='1' align="center">
<tr>
<td>Tests passed/Failed/Skipped:</td><td>1/1/0</td>
</tr><tr>
<td>Started on:</td><td>Wed Apr 27 16:59:07 CST 2016</td>
</tr>
<tr><td>Total time:</td><td>89 seconds (89094 ms)</td>
</tr><tr>
<td>Included groups:</td><td>p0 </td>
</tr><tr>
<td>Excluded groups:</td><td></td>
</tr>
</table><p/>
<small><i>(Hover the method name to see the test class name)</i></small><p/>
<table width='100%' border='1' class='invocation-failed'>
<tr><td colspan='4' align='center'><b>FAILED CONFIGURATIONS</b></td></tr>
<tr><td><b>Test method</b></td>
<td width="30%"><b>Exception</b></td>
<td width="10%"><b>Time (seconds)</b></td>
<td><b>Instance</b></td>
</tr>
<tr>
<td title='com.xiaoneng.uiautotest.testsuits.testcases.app.Example_Tests.afterMethod()'><b>afterMethod</b><br>Test class: com.xiaoneng.uiautotest.testsuits.testcases.app.Example_Tests<br/>
<a href="#Output-661119548" onClick='toggleBox("Output-661119548", this, "Show output", "Hide output");'>Show output</a>

<a href="#Output-661119548" onClick="toggleAllBoxes();">Show all outputs</a>
<div class='log' id="Output-661119548">
2016-04-27 16:59:35 : [STEP] [Wait For Text : [欢迎来到移动商城]] <br/>
2016-04-27 16:59:35 : [INFO] [Wait For Text : [欢迎来到移动商城]] <br/>
2016-04-27 16:59:47 : [INFO] 点击返回按钮<br/>
2016-04-27 16:59:47 : [STEP] [点击返回按钮] <br/>
2016-04-27 16:59:47 : [INFO] [点击返回按钮] <br/>
2016-04-27 16:59:47 : [STEP] [Wait For Text : [欢迎来到移动商城]] <br/>
2016-04-27 16:59:47 : [INFO] [Wait For Text : [欢迎来到移动商城]] <br/>
2016-04-27 16:59:59 : [INFO] 点击返回按钮<br/>
2016-04-27 16:59:59 : [STEP] [点击返回按钮] <br/>
2016-04-27 16:59:59 : [INFO] [点击返回按钮] <br/>
2016-04-27 16:59:59 : [STEP] [Wait For Text : [欢迎来到移动商城]] <br/>
2016-04-27 16:59:59 : [INFO] [Wait For Text : [欢迎来到移动商城]] <br/>
2016-04-27 17:00:11 : [INFO] 点击返回按钮<br/>
2016-04-27 17:00:11 : [STEP] [点击返回按钮] <br/>
2016-04-27 17:00:11 : [INFO] [点击返回按钮] <br/>
2016-04-27 17:00:11 : [STEP] [Wait For Text : [欢迎来到移动商城]] <br/>
2016-04-27 17:00:11 : [INFO] [Wait For Text : [欢迎来到移动商城]] <br/>
2016-04-27 17:00:24 : [INFO] 点击返回按钮<br/>
2016-04-27 17:00:24 : [STEP] [点击返回按钮] <br/>
2016-04-27 17:00:24 : [INFO] [点击返回按钮] <br/>
2016-04-27 17:00:24 : [STEP] [Wait For Text : [欢迎来到移动商城]] <br/>
2016-04-27 17:00:24 : [INFO] [Wait For Text : [欢迎来到移动商城]] <br/>
</div>
</td>
<td><div><pre>org.openqa.selenium.WebDriverException: chrome not reachable
  (Session info: webview=30.0.0.0)
  (Driver info: chromedriver=2.18.343845 (73dd713ba7fbfb73cbb514e62641d8c96a94682a),platform=Windows NT 6.1 SP1 x86_64) (WARNING: The server did not provide any stacktrace information)
Command duration or timeout: 8 milliseconds
Build info: version: &apos;2.47.1&apos;, revision: &apos;unknown&apos;, time: &apos;2015-07-30 11:02:44&apos;
System info: host: &apos;dell-PC&apos;, ip: &apos;192.168.30.133&apos;, os.name: &apos;Windows 7&apos;, os.arch: &apos;amd64&apos;, os.version: &apos;6.1&apos;, java.version: &apos;1.8.0_91&apos;
Driver info: io.appium.java_client.android.AndroidDriver
Capabilities [{app=C:\Users\dell\Desktop\AutoTest\apps\XiaonengChatDemo3.apk, appPackage=com.example.androidsdk, networkConnectionEnabled=true, noSign=true, warnings={}, appiumVersion=1.0, databaseEnabled=false, deviceName=9TGA6TGIBEPJRS4T, platform=LINUX, appActivity=com.example.androidsdk.MainActivity, desired={app=C:\Users\dell\Desktop\AutoTest\apps\XiaonengChatDemo3.apk, appPackage=com.example.androidsdk, appActivity=com.example.androidsdk.MainActivity, noSign=true, appiumVersion=1.0, platformVersion=4.4.2, unicodeKeyboard=true, platformName=Android, udid=9TGA6TGIBEPJRS4T, deviceName=, resetKeyboard=true}, platformVersion=4.4.2, webStorageEnabled=false, locationContextEnabled=false, browserName=Android, takesScreenshot=true, javascriptEnabled=true, unicodeKeyboard=true, platformName=Android, udid=9TGA6TGIBEPJRS4T, resetKeyboard=true}]
Session ID: d9ed35c9-8c27-41eb-87b6-71754107dd17
	at org.openqa.selenium.remote.ErrorHandler.createThrowable(ErrorHandler.java:206)
	at org.openqa.selenium.remote.ErrorHandler.throwIfResponseFailed(ErrorHandler.java:158)
	at org.openqa.selenium.remote.RemoteWebDriver.execute(RemoteWebDriver.java:595)
	at io.appium.java_client.DefaultGenericMobileDriver.execute(DefaultGenericMobileDriver.java:42)
	at io.appium.java_client.AppiumDriver.execute(AppiumDriver.java:189)
	at org.openqa.selenium.remote.RemoteWebDriver.getPageSource(RemoteWebDriver.java:455)
	at com.xiaoneng.uiautotest.base.operateFactory.AppOperate.waitForText(AppOperate.java:162)
	at com.xiaoneng.uiautotest.base.operateFactory.AndroidOperate.backToHomePage(AndroidOperate.java:81)
	at com.xiaoneng.uiautotest.base.AutoTestBase.afterMethod(AutoTestBase.java:326)
... Removed 30 stack frames</pre></div><a href='#' onClick='toggleBox("stack-trace661119548", this, "Click to show all stack frames", "Click to hide stack frames")'>Click to show all stack frames</a>
<div class='stack-trace' id='stack-trace661119548'><pre>org.openqa.selenium.WebDriverException: chrome not reachable
  (Session info: webview=30.0.0.0)
  (Driver info: chromedriver=2.18.343845 (73dd713ba7fbfb73cbb514e62641d8c96a94682a),platform=Windows NT 6.1 SP1 x86_64) (WARNING: The server did not provide any stacktrace information)
Command duration or timeout: 8 milliseconds
Build info: version: &apos;2.47.1&apos;, revision: &apos;unknown&apos;, time: &apos;2015-07-30 11:02:44&apos;
System info: host: &apos;dell-PC&apos;, ip: &apos;192.168.30.133&apos;, os.name: &apos;Windows 7&apos;, os.arch: &apos;amd64&apos;, os.version: &apos;6.1&apos;, java.version: &apos;1.8.0_91&apos;
Driver info: io.appium.java_client.android.AndroidDriver
Capabilities [{app=C:\Users\dell\Desktop\AutoTest\apps\XiaonengChatDemo3.apk, appPackage=com.example.androidsdk, networkConnectionEnabled=true, noSign=true, warnings={}, appiumVersion=1.0, databaseEnabled=false, deviceName=9TGA6TGIBEPJRS4T, platform=LINUX, appActivity=com.example.androidsdk.MainActivity, desired={app=C:\Users\dell\Desktop\AutoTest\apps\XiaonengChatDemo3.apk, appPackage=com.example.androidsdk, appActivity=com.example.androidsdk.MainActivity, noSign=true, appiumVersion=1.0, platformVersion=4.4.2, unicodeKeyboard=true, platformName=Android, udid=9TGA6TGIBEPJRS4T, deviceName=, resetKeyboard=true}, platformVersion=4.4.2, webStorageEnabled=false, locationContextEnabled=false, browserName=Android, takesScreenshot=true, javascriptEnabled=true, unicodeKeyboard=true, platformName=Android, udid=9TGA6TGIBEPJRS4T, resetKeyboard=true}]
Session ID: d9ed35c9-8c27-41eb-87b6-71754107dd17
	at sun.reflect.NativeConstructorAccessorImpl.newInstance0(Native Method)
	at sun.reflect.NativeConstructorAccessorImpl.newInstance(Unknown Source)
	at sun.reflect.DelegatingConstructorAccessorImpl.newInstance(Unknown Source)
	at java.lang.reflect.Constructor.newInstance(Unknown Source)
	at org.openqa.selenium.remote.ErrorHandler.createThrowable(ErrorHandler.java:206)
	at org.openqa.selenium.remote.ErrorHandler.throwIfResponseFailed(ErrorHandler.java:158)
	at org.openqa.selenium.remote.RemoteWebDriver.execute(RemoteWebDriver.java:595)
	at io.appium.java_client.DefaultGenericMobileDriver.execute(DefaultGenericMobileDriver.java:42)
	at io.appium.java_client.AppiumDriver.execute(AppiumDriver.java:189)
	at org.openqa.selenium.remote.RemoteWebDriver.getPageSource(RemoteWebDriver.java:455)
	at com.xiaoneng.uiautotest.base.operateFactory.AppOperate.waitForText(AppOperate.java:162)
	at com.xiaoneng.uiautotest.base.operateFactory.AndroidOperate.backToHomePage(AndroidOperate.java:81)
	at com.xiaoneng.uiautotest.base.AutoTestBase.afterMethod(AutoTestBase.java:326)
	at sun.reflect.NativeMethodAccessorImpl.invoke0(Native Method)
	at sun.reflect.NativeMethodAccessorImpl.invoke(Unknown Source)
	at sun.reflect.DelegatingMethodAccessorImpl.invoke(Unknown Source)
	at java.lang.reflect.Method.invoke(Unknown Source)
	at org.testng.internal.MethodInvocationHelper.invokeMethod(MethodInvocationHelper.java:85)
	at org.testng.internal.Invoker.invokeConfigurationMethod(Invoker.java:517)
	at org.testng.internal.Invoker.invokeConfigurations(Invoker.java:213)
	at org.testng.internal.Invoker.invokeMethod(Invoker.java:732)
	at org.testng.internal.Invoker.invokeTestMethod(Invoker.java:845)
	at org.testng.internal.Invoker.invokeTestMethods(Invoker.java:1153)
	at org.testng.internal.TestMethodWorker.invokeTestMethods(TestMethodWorker.java:125)
	at org.testng.internal.TestMethodWorker.run(TestMethodWorker.java:108)
	at org.testng.TestRunner.privateRun(TestRunner.java:771)
	at org.testng.TestRunner.run(TestRunner.java:621)
	at org.testng.SuiteRunner.runTest(SuiteRunner.java:357)
	at org.testng.SuiteRunner.runSequentially(SuiteRunner.java:352)
	at org.testng.SuiteRunner.privateRun(SuiteRunner.java:310)
	at org.testng.SuiteRunner.run(SuiteRunner.java:259)
	at org.testng.SuiteRunnerWorker.runSuite(SuiteRunnerWorker.java:52)
	at org.testng.SuiteRunnerWorker.run(SuiteRunnerWorker.java:86)
	at org.testng.TestNG.runSuitesSequentially(TestNG.java:1199)
	at org.testng.TestNG.runSuitesLocally(TestNG.java:1124)
	at org.testng.TestNG.run(TestNG.java:1032)
	at org.testng.remote.RemoteTestNG.run(RemoteTestNG.java:111)
	at org.testng.remote.RemoteTestNG.initAndRun(RemoteTestNG.java:204)
	at org.testng.remote.RemoteTestNG.main(RemoteTestNG.java:175)
</pre></div></td>
<td>0</td>
<td>com.xiaoneng.uiautotest.testsuits.testcases.app.Example_Tests@100fc185</td></tr>
</table><p>
<table width='100%' border='1' class='invocation-failed'>
<tr><td colspan='4' align='center'><b>FAILED TESTS</b></td></tr>
<tr><td><b>Test method</b></td>
<td width="30%"><b>Exception</b></td>
<td width="10%"><b>Time (seconds)</b></td>
<td><b>Instance</b></td>
</tr>
<tr>
<td title='com.xiaoneng.uiautotest.testsuits.testcases.app.Example_Tests.exampleWeb()'><b>exampleWeb</b><br>Test class: com.xiaoneng.uiautotest.testsuits.testcases.app.Example_Tests<br>Parameters: test<br/>
<a href="#Output-214187874" onClick='toggleBox("Output-214187874", this, "Show output", "Hide output");'>Show output</a>

<a href="#Output-214187874" onClick="toggleAllBoxes();">Show all outputs</a>
<div class='log' id="Output-214187874">
2016-04-27 16:59:25 : [FLOW] 登录－点击sdk原生入口<br/>
2016-04-27 16:59:25 : [STEP] [点击h5原生入口] <br/>
2016-04-27 16:59:25 : [INFO] [点击 -> name: h5_sdk入口]<br/>
2016-04-27 16:59:26 : [STEP] [点击确定跳转到资讯页面] <br/>
2016-04-27 16:59:27 : [INFO] [点击 -> name: 确认]<br/>
2016-04-27 16:59:29 : [STEP] [点击打开聊窗] <br/>
2016-04-27 16:59:35 : [INFO] exampleWeb Failure<br/>
2016-04-27 16:59:35 : [INFO] exampleWeb takeScreenshot Failure:<br/>
</div>
</td>
<td><div><pre>org.openqa.selenium.NoSuchElementException: Can&apos;t locate an element by this strategy: By.name: default Open Chat Window
For documentation on this error, please visit: http://seleniumhq.org/exceptions/no_such_element.html
Build info: version: &apos;2.47.1&apos;, revision: &apos;unknown&apos;, time: &apos;2015-07-30 11:02:44&apos;
System info: host: &apos;dell-PC&apos;, ip: &apos;192.168.30.133&apos;, os.name: &apos;Windows 7&apos;, os.arch: &apos;amd64&apos;, os.version: &apos;6.1&apos;, java.version: &apos;1.8.0_91&apos;
Driver info: driver.version: unknown
	at io.appium.java_client.pagefactory.AppiumElementLocator.findElement(AppiumElementLocator.java:185)
	at io.appium.java_client.pagefactory.ElementInterceptor.intercept(ElementInterceptor.java:46)
	at io.appium.java_client.android.AndroidElement$$EnhancerByCGLIB$$beadec17.toString(&lt;generated&gt;)
	at com.xiaoneng.uiautotest.base.operateFactory.AppOperate.click(AppOperate.java:223)
	at com.xiaoneng.uiautotest.testsuits.testcases.app.Example_Tests.exampleWeb(Example_Tests.java:52)
... Removed 24 stack frames</pre></div><a href='#' onClick='toggleBox("stack-trace214187874", this, "Click to show all stack frames", "Click to hide stack frames")'>Click to show all stack frames</a>
<div class='stack-trace' id='stack-trace214187874'><pre>org.openqa.selenium.NoSuchElementException: Can&apos;t locate an element by this strategy: By.name: default Open Chat Window
For documentation on this error, please visit: http://seleniumhq.org/exceptions/no_such_element.html
Build info: version: &apos;2.47.1&apos;, revision: &apos;unknown&apos;, time: &apos;2015-07-30 11:02:44&apos;
System info: host: &apos;dell-PC&apos;, ip: &apos;192.168.30.133&apos;, os.name: &apos;Windows 7&apos;, os.arch: &apos;amd64&apos;, os.version: &apos;6.1&apos;, java.version: &apos;1.8.0_91&apos;
Driver info: driver.version: unknown
	at io.appium.java_client.pagefactory.AppiumElementLocator.findElement(AppiumElementLocator.java:185)
	at io.appium.java_client.pagefactory.ElementInterceptor.intercept(ElementInterceptor.java:46)
	at io.appium.java_client.android.AndroidElement$$EnhancerByCGLIB$$beadec17.toString(&lt;generated&gt;)
	at com.xiaoneng.uiautotest.base.operateFactory.AppOperate.click(AppOperate.java:223)
	at com.xiaoneng.uiautotest.testsuits.testcases.app.Example_Tests.exampleWeb(Example_Tests.java:52)
	at sun.reflect.NativeMethodAccessorImpl.invoke0(Native Method)
	at sun.reflect.NativeMethodAccessorImpl.invoke(Unknown Source)
	at sun.reflect.DelegatingMethodAccessorImpl.invoke(Unknown Source)
	at java.lang.reflect.Method.invoke(Unknown Source)
	at org.testng.internal.MethodInvocationHelper.invokeMethod(MethodInvocationHelper.java:85)
	at org.testng.internal.Invoker.invokeMethod(Invoker.java:659)
	at org.testng.internal.Invoker.invokeTestMethod(Invoker.java:845)
	at org.testng.internal.Invoker.invokeTestMethods(Invoker.java:1153)
	at org.testng.internal.TestMethodWorker.invokeTestMethods(TestMethodWorker.java:125)
	at org.testng.internal.TestMethodWorker.run(TestMethodWorker.java:108)
	at org.testng.TestRunner.privateRun(TestRunner.java:771)
	at org.testng.TestRunner.run(TestRunner.java:621)
	at org.testng.SuiteRunner.runTest(SuiteRunner.java:357)
	at org.testng.SuiteRunner.runSequentially(SuiteRunner.java:352)
	at org.testng.SuiteRunner.privateRun(SuiteRunner.java:310)
	at org.testng.SuiteRunner.run(SuiteRunner.java:259)
	at org.testng.SuiteRunnerWorker.runSuite(SuiteRunnerWorker.java:52)
	at org.testng.SuiteRunnerWorker.run(SuiteRunnerWorker.java:86)
	at org.testng.TestNG.runSuitesSequentially(TestNG.java:1199)
	at org.testng.TestNG.runSuitesLocally(TestNG.java:1124)
	at org.testng.TestNG.run(TestNG.java:1032)
	at org.testng.remote.RemoteTestNG.run(RemoteTestNG.java:111)
	at org.testng.remote.RemoteTestNG.initAndRun(RemoteTestNG.java:204)
	at org.testng.remote.RemoteTestNG.main(RemoteTestNG.java:175)
</pre></div></td>
<td>9</td>
<td>com.xiaoneng.uiautotest.testsuits.testcases.app.Example_Tests@100fc185</td></tr>
</table><p>
<table width='100%' border='1' class='invocation-passed'>
<tr><td colspan='4' align='center'><b>PASSED TESTS</b></td></tr>
<tr><td><b>Test method</b></td>
<td width="30%"><b>Exception</b></td>
<td width="10%"><b>Time (seconds)</b></td>
<td><b>Instance</b></td>
</tr>
<tr>
<td title='com.xiaoneng.uiautotest.testsuits.testcases.app.Example_Tests.example()'><b>example</b><br>Test class: com.xiaoneng.uiautotest.testsuits.testcases.app.Example_Tests<br>Parameters: test<br/>
<a href="#Output-1902237905" onClick='toggleBox("Output-1902237905", this, "Show output", "Hide output");'>Show output</a>

<a href="#Output-1902237905" onClick="toggleAllBoxes();">Show all outputs</a>
<div class='log' id="Output-1902237905">
2016-04-27 16:59:07 : [FLOW] 登录－点击sdk原生入口<br/>
2016-04-27 16:59:07 : [STEP] [点击sdk原生入口] <br/>
2016-04-27 16:59:08 : [INFO] [点击 -> name: sdk源生入口]<br/>
2016-04-27 16:59:10 : [INFO] example Success<br/>
</div>
</td>
<td></td>
<td>2</td>
<td>com.xiaoneng.uiautotest.testsuits.testcases.app.Example_Tests@100fc185</td></tr>
</table><p>
</body>
</html>