<?xml version="1.0" encoding="UTF-8"?>
<!-- Generated by org.testng.reporters.JUnitXMLReporter -->
<testsuite hostname="dell-PC" name="APP_Tests" tests="2" failures="1" timestamp="27 Apr 2016 09:00:36 GMT" time="89.094" errors="0">
  <testcase name="@AfterMethod afterMethod" time="0.0" classname="com.xiaoneng.uiautotest.testsuits.testcases.app.Example_Tests">
    <failure type="org.openqa.selenium.WebDriverException" message="chrome not reachable
  (Session info: webview=30.0.0.0)
  (Driver info: chromedriver=2.18.343845 (73dd713ba7fbfb73cbb514e62641d8c96a94682a),platform=Windows NT 6.1 SP1 x86_64) (WARNING: The server did not provide any stacktrace information)
Command duration or timeout: 8 milliseconds
Build info: version: &amp;apos;2.47.1&amp;apos;, revision: &amp;apos;unknown&amp;apos;, time: &amp;apos;2015-07-30 11:02:44&amp;apos;
System info: host: &amp;apos;dell-PC&amp;apos;, ip: &amp;apos;192.168.30.133&amp;apos;, os.name: &amp;apos;Windows 7&amp;apos;, os.arch: &amp;apos;amd64&amp;apos;, os.version: &amp;apos;6.1&amp;apos;, java.version: &amp;apos;1.8.0_91&amp;apos;
Driver info: io.appium.java_client.android.AndroidDriver
Capabilities [{app=C:\Users\dell\Desktop\AutoTest\apps\XiaonengChatDemo3.apk, appPackage=com.example.androidsdk, networkConnectionEnabled=true, noSign=true, warnings={}, appiumVersion=1.0, databaseEnabled=false, deviceName=9TGA6TGIBEPJRS4T, platform=LINUX, appActivity=com.example.androidsdk.MainActivity, desired={app=C:\Users\dell\Desktop\AutoTest\apps\XiaonengChatDemo3.apk, appPackage=com.example.androidsdk, appActivity=com.example.androidsdk.MainActivity, noSign=true, appiumVersion=1.0, platformVersion=4.4.2, unicodeKeyboard=true, platformName=Android, udid=9TGA6TGIBEPJRS4T, deviceName=, resetKeyboard=true}, platformVersion=4.4.2, webStorageEnabled=false, locationContextEnabled=false, browserName=Android, takesScreenshot=true, javascriptEnabled=true, unicodeKeyboard=true, platformName=Android, udid=9TGA6TGIBEPJRS4T, resetKeyboard=true}]
Session ID: d9ed35c9-8c27-41eb-87b6-71754107dd17">
      <![CDATA[org.openqa.selenium.WebDriverException: chrome not reachable
  (Session info: webview=30.0.0.0)
  (Driver info: chromedriver=2.18.343845 (73dd713ba7fbfb73cbb514e62641d8c96a94682a),platform=Windows NT 6.1 SP1 x86_64) (WARNING: The server did not provide any stacktrace information)
Command duration or timeout: 8 milliseconds
Build info: version: '2.47.1', revision: 'unknown', time: '2015-07-30 11:02:44'
System info: host: 'dell-PC', ip: '192.168.30.133', os.name: 'Windows 7', os.arch: 'amd64', os.version: '6.1', java.version: '1.8.0_91'
Driver info: io.appium.java_client.android.AndroidDriver
Capabilities [{app=C:\Users\dell\Desktop\AutoTest\apps\XiaonengChatDemo3.apk, appPackage=com.example.androidsdk, networkConnectionEnabled=true, noSign=true, warnings={}, appiumVersion=1.0, databaseEnabled=false, deviceName=9TGA6TGIBEPJRS4T, platform=LINUX, appActivity=com.example.androidsdk.MainActivity, desired={app=C:\Users\dell\Desktop\AutoTest\apps\XiaonengChatDemo3.apk, appPackage=com.example.androidsdk, appActivity=com.example.androidsdk.MainActivity, noSign=true, appiumVersion=1.0, platformVersion=4.4.2, unicodeKeyboard=true, platformName=Android, udid=9TGA6TGIBEPJRS4T, deviceName=, resetKeyboard=true}, platformVersion=4.4.2, webStorageEnabled=false, locationContextEnabled=false, browserName=Android, takesScreenshot=true, javascriptEnabled=true, unicodeKeyboard=true, platformName=Android, udid=9TGA6TGIBEPJRS4T, resetKeyboard=true}]
Session ID: d9ed35c9-8c27-41eb-87b6-71754107dd17
	at org.openqa.selenium.remote.ErrorHandler.createThrowable(ErrorHandler.java:206)
	at org.openqa.selenium.remote.ErrorHandler.throwIfResponseFailed(ErrorHandler.java:158)
	at org.openqa.selenium.remote.RemoteWebDriver.execute(RemoteWebDriver.java:595)
	at io.appium.java_client.DefaultGenericMobileDriver.execute(DefaultGenericMobileDriver.java:42)
	at io.appium.java_client.AppiumDriver.execute(AppiumDriver.java:189)
	at org.openqa.selenium.remote.RemoteWebDriver.getPageSource(RemoteWebDriver.java:455)
	at com.xiaoneng.uiautotest.base.operateFactory.AppOperate.waitForText(AppOperate.java:162)
	at com.xiaoneng.uiautotest.base.operateFactory.AndroidOperate.backToHomePage(AndroidOperate.java:81)
	at com.xiaoneng.uiautotest.base.AutoTestBase.afterMethod(AutoTestBase.java:326)
... Removed 30 stack frames]]>
    </failure>
  </testcase> <!-- @AfterMethod afterMethod -->
  <testcase name="example" time="2.886" classname="com.xiaoneng.uiautotest.testsuits.testcases.app.Example_Tests"/>
  <testcase name="exampleWeb" time="9.552" classname="com.xiaoneng.uiautotest.testsuits.testcases.app.Example_Tests">
    <failure type="org.openqa.selenium.NoSuchElementException" message="Can&amp;apos;t locate an element by this strategy: By.name: default Open Chat Window
For documentation on this error, please visit: http://seleniumhq.org/exceptions/no_such_element.html
Build info: version: &amp;apos;2.47.1&amp;apos;, revision: &amp;apos;unknown&amp;apos;, time: &amp;apos;2015-07-30 11:02:44&amp;apos;
System info: host: &amp;apos;dell-PC&amp;apos;, ip: &amp;apos;192.168.30.133&amp;apos;, os.name: &amp;apos;Windows 7&amp;apos;, os.arch: &amp;apos;amd64&amp;apos;, os.version: &amp;apos;6.1&amp;apos;, java.version: &amp;apos;1.8.0_91&amp;apos;
Driver info: driver.version: unknown">
      <![CDATA[org.openqa.selenium.NoSuchElementException: Can't locate an element by this strategy: By.name: default Open Chat Window
For documentation on this error, please visit: http://seleniumhq.org/exceptions/no_such_element.html
Build info: version: '2.47.1', revision: 'unknown', time: '2015-07-30 11:02:44'
System info: host: 'dell-PC', ip: '192.168.30.133', os.name: 'Windows 7', os.arch: 'amd64', os.version: '6.1', java.version: '1.8.0_91'
Driver info: driver.version: unknown
	at io.appium.java_client.pagefactory.AppiumElementLocator.findElement(AppiumElementLocator.java:185)
	at io.appium.java_client.pagefactory.ElementInterceptor.intercept(ElementInterceptor.java:46)
	at io.appium.java_client.android.AndroidElement$$EnhancerByCGLIB$$beadec17.toString(<generated>)
	at com.xiaoneng.uiautotest.base.operateFactory.AppOperate.click(AppOperate.java:223)
	at com.xiaoneng.uiautotest.testsuits.testcases.app.Example_Tests.exampleWeb(Example_Tests.java:52)
... Removed 24 stack frames]]>
    </failure>
  </testcase> <!-- exampleWeb -->
</testsuite> <!-- APP_Tests -->
