<?xml version="1.0" encoding="UTF-8"?>
<!-- Generated by org.testng.reporters.JUnitXMLReporter -->
<testsuite hostname="dell-PC" name="APP_Tests(failed)(failed)(failed)" tests="1" failures="0" timestamp="28 Apr 2016 02:34:27 GMT" time="0.015" errors="0">
  <testcase name="@BeforeSuite beforeSuite" time="0.0" classname="com.xiaoneng.uiautotest.testsuits.testcases.app.Example_Tests">
    <failure type="org.openqa.selenium.WebDriverException" message="ERROR running Appium command: write EPIPE
Command duration or timeout: 105 milliseconds
Build info: version: &amp;apos;2.47.1&amp;apos;, revision: &amp;apos;unknown&amp;apos;, time: &amp;apos;2015-07-30 11:02:44&amp;apos;
System info: host: &amp;apos;dell-PC&amp;apos;, ip: &amp;apos;192.168.30.133&amp;apos;, os.name: &amp;apos;Windows 7&amp;apos;, os.arch: &amp;apos;amd64&amp;apos;, os.version: &amp;apos;6.1&amp;apos;, java.version: &amp;apos;1.8.0_91&amp;apos;
Driver info: io.appium.java_client.android.AndroidDriver">
      <![CDATA[org.openqa.selenium.WebDriverException: ERROR running Appium command: write EPIPE
Command duration or timeout: 105 milliseconds
Build info: version: '2.47.1', revision: 'unknown', time: '2015-07-30 11:02:44'
System info: host: 'dell-PC', ip: '192.168.30.133', os.name: 'Windows 7', os.arch: 'amd64', os.version: '6.1', java.version: '1.8.0_91'
Driver info: io.appium.java_client.android.AndroidDriver
	at org.openqa.selenium.remote.ErrorHandler.createThrowable(ErrorHandler.java:206)
	at org.openqa.selenium.remote.ErrorHandler.throwIfResponseFailed(ErrorHandler.java:158)
	at org.openqa.selenium.remote.RemoteWebDriver.execute(RemoteWebDriver.java:595)
	at io.appium.java_client.DefaultGenericMobileDriver.execute(DefaultGenericMobileDriver.java:42)
	at io.appium.java_client.AppiumDriver.execute(AppiumDriver.java:1)
	at io.appium.java_client.android.AndroidDriver.execute(AndroidDriver.java:1)
	at org.openqa.selenium.remote.RemoteWebDriver.startSession(RemoteWebDriver.java:242)
	at org.openqa.selenium.remote.RemoteWebDriver.<init>(RemoteWebDriver.java:128)
	at org.openqa.selenium.remote.RemoteWebDriver.<init>(RemoteWebDriver.java:141)
	at io.appium.java_client.DefaultGenericMobileDriver.<init>(DefaultGenericMobileDriver.java:37)
	at io.appium.java_client.AppiumDriver.<init>(AppiumDriver.java:160)
	at io.appium.java_client.AppiumDriver.<init>(AppiumDriver.java:168)
	at io.appium.java_client.android.AndroidDriver.<init>(AndroidDriver.java:69)
	at com.xiaoneng.uiautotest.base.AutoTestBase.beforeSuite(AutoTestBase.java:193)
... Removed 22 stack frames]]>
    </failure>
  </testcase> <!-- @BeforeSuite beforeSuite -->
  <testcase name="@BeforeClass beforeClass" time="0.0" classname="com.xiaoneng.uiautotest.testsuits.testcases.app.Example_Tests">
    <skipped/>
  </testcase> <!-- @BeforeClass beforeClass -->
  <testcase name="@AfterMethod afterMethod" time="0.0" classname="com.xiaoneng.uiautotest.testsuits.testcases.app.Example_Tests">
    <failure type="java.lang.NullPointerException">
      <![CDATA[java.lang.NullPointerException
	at com.xiaoneng.uiautotest.base.AutoTestBase.afterMethod(AutoTestBase.java:326)
... Removed 26 stack frames]]>
    </failure>
  </testcase> <!-- @AfterMethod afterMethod -->
  <testcase name="exampleWeb" time="0.001" classname="com.xiaoneng.uiautotest.testsuits.testcases.app.Example_Tests">
    <skipped/>
  </testcase> <!-- exampleWeb -->
</testsuite> <!-- APP_Tests(failed)(failed)(failed) -->
