<!DOCTYPE html PUBLIC "-//W3C//DTD XHTML 1.1//EN" "http://www.w3.org/TR/xhtml11/DTD/xhtml11.dtd">
<html xmlns="http://www.w3.org/1999/xhtml"><head><title>TestNG Report</title><style type="text/css">table {margin-bottom:10px;border-collapse:collapse;empty-cells:show}th,td {border:1px solid #009;padding:.25em .5em}th {vertical-align:bottom}td {vertical-align:top}table a {font-weight:bold}.stripe td {background-color: #E6EBF9}.num {text-align:right}.passedodd td {background-color: #3F3}.passedeven td {background-color: #0A0}.skippedodd td {background-color: #DDD}.skippedeven td {background-color: #CCC}.failedodd td,.attn {background-color: #F33}.failedeven td,.stripe .attn {background-color: #D00}.stacktrace {white-space:pre;font-family:monospace}.totop {font-size:85%;text-align:center;border-bottom:2px solid #000}</style></head><body><table><tr><th>Test</th><th># Passed</th><th># Skipped</th><th># Failed</th><th>Time (ms)</th><th>Included Groups</th><th>Excluded Groups</th></tr><tr><th colspan="7">precodition</th></tr><tr><td><a href="#t0">APP_Tests</a></td><td class="num">0</td><td class="num attn">1</td><td class="num">0</td><td class="num">9</td><td>p0, p1, p2</td><td></td></tr></table><table><thead><tr><th>Class</th><th>Method</th><th>Start</th><th>Time (ms)</th></tr></thead><tbody><tr><th colspan="4">precodition</th></tr></tbody><tbody id="t0"><tr><th colspan="4">APP_Tests &#8212; failed (configuration methods)</th></tr><tr class="failedeven"><td rowspan="2">com.xiaoneng.uiautotest.testsuits.testcases.app.Example_Tests</td><td><a href="#m0">afterSuit</a></td><td rowspan="1">1461654687819</td><td rowspan="1">0</td></tr><tr class="failedeven"><td><a href="#m1">beforeSuite</a></td><td rowspan="1">1461654655360</td><td rowspan="1">0</td></tr><tr><th colspan="4">APP_Tests &#8212; skipped (configuration methods)</th></tr><tr class="skippedeven"><td rowspan="1">com.xiaoneng.uiautotest.testsuits.testcases.app.Example_Tests</td><td><a href="#m2">beforeClass</a></td><td rowspan="1">1461654687712</td><td rowspan="1">0</td></tr><tr><th colspan="4">APP_Tests &#8212; skipped</th></tr><tr class="skippedeven"><td rowspan="1">com.xiaoneng.uiautotest.testsuits.testcases.app.Example_Tests</td><td><a href="#m3">example</a></td><td rowspan="1">1461654687713</td><td rowspan="1">0</td></tr></tbody></table><h2>APP_Tests</h2><h3 id="m0">com.xiaoneng.uiautotest.testsuits.testcases.app.Example_Tests#afterSuit</h3><table class="result"><tr><th>Exception</th></tr><tr><td><div class="stacktrace">java.lang.NullPointerException
	at com.xiaoneng.uiautotest.base.AutoTestBase.afterSuit(AutoTestBase.java:269)
... Removed 18 stack frames</div></td></tr></table><p class="totop"><a href="#summary">back to summary</a></p><h3 id="m1">com.xiaoneng.uiautotest.testsuits.testcases.app.Example_Tests#beforeSuite</h3><table class="result"><tr class="param"><th>Parameter #1</th><th>Parameter #2</th><th>Parameter #3</th><th>Parameter #4</th><th>Parameter #5</th><th>Parameter #6</th><th>Parameter #7</th><th>Parameter #8</th><th>Parameter #9</th><th>Parameter #10</th><th>Parameter #11</th><th>Parameter #12</th></tr><tr class="param stripe"><td>/apps</td><td>XiaonengChatDemo3.apk</td><td>Android</td><td>5.1</td><td>Nexus_4</td><td>com.example.androidsdk</td><td>com.example.androidsdk.MainActivity</td><td>5743</td><td>emulator-5554</td><td>30</td><td>chrome</td><td></td></tr><tr><th colspan="12">Messages</th></tr><tr><td colspan="12"><div class="messages">2016-04-26 15:10:55 : [INFO] 当前日期:20160426<br/>2016-04-26 15:10:55 : [INFO] 当前时间:1359<br/>2016-04-26 15:10:55 : [INFO] MobileCapabilityType.filePath = /apps<br/>2016-04-26 15:10:55 : [INFO] MobileCapabilityType.appName = XiaonengChatDemo3.apk<br/>2016-04-26 15:10:55 : [INFO] MobileCapabilityType.platformName = Android<br/>2016-04-26 15:10:55 : [INFO] MobileCapabilityType.platformVersion = 5.1<br/>2016-04-26 15:10:55 : [INFO] MobileCapabilityType.deviceName = Nexus_4<br/>2016-04-26 15:10:55 : [INFO] MobileCapabilityType.appPackage = com.example.androidsdk<br/>2016-04-26 15:10:55 : [INFO] MobileCapabilityType.appActivity = com.example.androidsdk.MainActivity<br/>2016-04-26 15:10:55 : [INFO] MobileCapabilityType.port = 5743<br/>2016-04-26 15:10:55 : [INFO] MobileCapabilityType.udid = emulator-5554<br/>2016-04-26 15:10:55 : [INFO] run emulator-5554 Appium Server in port 5743......<br/>2016-04-26 15:10:55 : [INFO] start appium &gt;&gt; node /usr/local/lib/node_modules/appium/bin/appium.js -a 127.0.0.1 -p 5743 -bp 5745 --session-override --chromedriver-port 10535 -U emulator-5554</div></td></tr><tr><th colspan="12">Exception</th></tr><tr><td colspan="12"><div class="stacktrace">org.openqa.selenium.remote.UnreachableBrowserException: Could not start a new session. Possible causes are invalid address of the remote server or browser start-up failure.
Build info: version: &apos;2.47.1&apos;, revision: &apos;unknown&apos;, time: &apos;2015-07-30 11:02:44&apos;
System info: host: &apos;dell-PC&apos;, ip: &apos;192.168.30.133&apos;, os.name: &apos;Windows 7&apos;, os.arch: &apos;amd64&apos;, os.version: &apos;6.1&apos;, java.version: &apos;1.8.0_91&apos;
Driver info: driver.version: AndroidDriver
	at org.openqa.selenium.remote.RemoteWebDriver.execute(RemoteWebDriver.java:589)
	at io.appium.java_client.DefaultGenericMobileDriver.execute(DefaultGenericMobileDriver.java:42)
	at io.appium.java_client.AppiumDriver.execute(AppiumDriver.java:1)
	at io.appium.java_client.android.AndroidDriver.execute(AndroidDriver.java:1)
	at org.openqa.selenium.remote.RemoteWebDriver.startSession(RemoteWebDriver.java:242)
	at org.openqa.selenium.remote.RemoteWebDriver.&lt;init&gt;(RemoteWebDriver.java:128)
	at org.openqa.selenium.remote.RemoteWebDriver.&lt;init&gt;(RemoteWebDriver.java:141)
	at io.appium.java_client.DefaultGenericMobileDriver.&lt;init&gt;(DefaultGenericMobileDriver.java:37)
	at io.appium.java_client.AppiumDriver.&lt;init&gt;(AppiumDriver.java:160)
	at io.appium.java_client.AppiumDriver.&lt;init&gt;(AppiumDriver.java:168)
	at io.appium.java_client.android.AndroidDriver.&lt;init&gt;(AndroidDriver.java:69)
	at com.xiaoneng.uiautotest.base.AutoTestBase.beforeSuite(AutoTestBase.java:161)
Caused by: org.openqa.selenium.WebDriverException: org.apache.http.conn.HttpHostConnectException: Connect to 127.0.0.1:5743 [/127.0.0.1] failed: Connection refused: connect
Build info: version: &apos;2.47.1&apos;, revision: &apos;unknown&apos;, time: &apos;2015-07-30 11:02:44&apos;
System info: host: &apos;dell-PC&apos;, ip: &apos;192.168.30.133&apos;, os.name: &apos;Windows 7&apos;, os.arch: &apos;amd64&apos;, os.version: &apos;6.1&apos;, java.version: &apos;1.8.0_91&apos;
Driver info: driver.version: AndroidDriver
	at io.appium.java_client.remote.AppiumCommandExecutor.execute(AppiumCommandExecutor.java:64)
	at org.openqa.selenium.remote.RemoteWebDriver.execute(RemoteWebDriver.java:568)
	... 29 more
Caused by: org.apache.http.conn.HttpHostConnectException: Connect to 127.0.0.1:5743 [/127.0.0.1] failed: Connection refused: connect
	at org.apache.http.impl.conn.HttpClientConnectionOperator.connect(HttpClientConnectionOperator.java:140)
	at org.apache.http.impl.conn.PoolingHttpClientConnectionManager.connect(PoolingHttpClientConnectionManager.java:314)
	at org.apache.http.impl.execchain.MainClientExec.establishRoute(MainClientExec.java:363)
	at org.apache.http.impl.execchain.MainClientExec.execute(MainClientExec.java:219)
	at org.apache.http.impl.execchain.ProtocolExec.execute(ProtocolExec.java:195)
	at org.apache.http.impl.execchain.RetryExec.execute(RetryExec.java:86)
	at org.apache.http.impl.execchain.RedirectExec.execute(RedirectExec.java:108)
	at org.apache.http.impl.client.InternalHttpClient.doExecute(InternalHttpClient.java:186)
	at org.apache.http.impl.client.CloseableHttpClient.execute(CloseableHttpClient.java:72)
	at org.apache.http.impl.client.CloseableHttpClient.execute(CloseableHttpClient.java:57)
	at org.openqa.selenium.remote.internal.ApacheHttpClient.fallBackExecute(ApacheHttpClient.java:143)
	at org.openqa.selenium.remote.internal.ApacheHttpClient.execute(ApacheHttpClient.java:89)
	at org.openqa.selenium.remote.HttpCommandExecutor.execute(HttpCommandExecutor.java:134)
	at io.appium.java_client.remote.AppiumCommandExecutor.execute(AppiumCommandExecutor.java:52)
	... 30 more
Caused by: java.net.ConnectException: Connection refused: connect
	at java.net.DualStackPlainSocketImpl.waitForConnect(Native Method)
	at java.net.DualStackPlainSocketImpl.socketConnect(Unknown Source)
	at java.net.AbstractPlainSocketImpl.doConnect(Unknown Source)
	at java.net.AbstractPlainSocketImpl.connectToAddress(Unknown Source)
	at java.net.AbstractPlainSocketImpl.connect(Unknown Source)
	at java.net.PlainSocketImpl.connect(Unknown Source)
	at java.net.SocksSocketImpl.connect(Unknown Source)
	at java.net.Socket.connect(Unknown Source)
	at org.apache.http.conn.socket.PlainConnectionSocketFactory.connectSocket(PlainConnectionSocketFactory.java:72)
	at org.apache.http.impl.conn.HttpClientConnectionOperator.connect(HttpClientConnectionOperator.java:117)
	... 43 more
... Removed 18 stack frames</div></td></tr></table><p class="totop"><a href="#summary">back to summary</a></p><h3 id="m2">com.xiaoneng.uiautotest.testsuits.testcases.app.Example_Tests#beforeClass</h3><table class="result"></table><p class="totop"><a href="#summary">back to summary</a></p><h3 id="m3">com.xiaoneng.uiautotest.testsuits.testcases.app.Example_Tests#example</h3><table class="result"><tr><th>Exception</th></tr><tr><td><div class="stacktrace">org.testng.TestNGException: 
Parameter &apos;test&apos; is required by @Test on method example but has not been marked @Optional or defined
in C:\Users\dell\Desktop\AutoTest\testSuits\testSuitExample_android.xml
... Removed 22 stack frames</div></td></tr></table><p class="totop"><a href="#summary">back to summary</a></p></body></html>