<?xml version="1.0" encoding="UTF-8"?>
<testng-results skipped="1" failed="0" total="1" passed="0">
  <reporter-output>
    <line>
      <![CDATA[2016-04-26 15:10:55 : [INFO] retrycount=0]]>
    </line>
    <line>
      <![CDATA[2016-04-26 15:10:55 : [INFO] sourceCodeDir=src/test]]>
    </line>
    <line>
      <![CDATA[2016-04-26 15:10:55 : [INFO] sourceCodeEncoding=UTF-8]]>
    </line>
    <line>
      <![CDATA[2016-04-26 15:10:55 : [INFO] 当前日期:20160426]]>
    </line>
    <line>
      <![CDATA[2016-04-26 15:10:55 : [INFO] 当前时间:1359]]>
    </line>
    <line>
      <![CDATA[2016-04-26 15:10:55 : [INFO] MobileCapabilityType.filePath = /apps]]>
    </line>
    <line>
      <![CDATA[2016-04-26 15:10:55 : [INFO] MobileCapabilityType.appName = XiaonengChatDemo3.apk]]>
    </line>
    <line>
      <![CDATA[2016-04-26 15:10:55 : [INFO] MobileCapabilityType.platformName = Android]]>
    </line>
    <line>
      <![CDATA[2016-04-26 15:10:55 : [INFO] MobileCapabilityType.platformVersion = 5.1]]>
    </line>
    <line>
      <![CDATA[2016-04-26 15:10:55 : [INFO] MobileCapabilityType.deviceName = Nexus_4]]>
    </line>
    <line>
      <![CDATA[2016-04-26 15:10:55 : [INFO] MobileCapabilityType.appPackage = com.example.androidsdk]]>
    </line>
    <line>
      <![CDATA[2016-04-26 15:10:55 : [INFO] MobileCapabilityType.appActivity = com.example.androidsdk.MainActivity]]>
    </line>
    <line>
      <![CDATA[2016-04-26 15:10:55 : [INFO] MobileCapabilityType.port = 5743]]>
    </line>
    <line>
      <![CDATA[2016-04-26 15:10:55 : [INFO] MobileCapabilityType.udid = emulator-5554]]>
    </line>
    <line>
      <![CDATA[2016-04-26 15:10:55 : [INFO] run emulator-5554 Appium Server in port 5743......]]>
    </line>
    <line>
      <![CDATA[2016-04-26 15:10:55 : [INFO] start appium >> node /usr/local/lib/node_modules/appium/bin/appium.js -a 127.0.0.1 -p 5743 -bp 5745 --session-override --chromedriver-port 10535 -U emulator-5554]]>
    </line>
  </reporter-output>
  <suite name="precodition" duration-ms="9" started-at="2016-04-26T07:11:27Z" finished-at="2016-04-26T07:11:27Z">
    <groups>
      <group name="p0">
        <method signature="Example_Tests.example(java.lang.String)[pri:0, instance:com.xiaoneng.uiautotest.testsuits.testcases.app.Example_Tests@100fc185]" name="example" class="com.xiaoneng.uiautotest.testsuits.testcases.app.Example_Tests"/>
      </group> <!-- p0 -->
    </groups>
    <test name="APP_Tests" duration-ms="9" started-at="2016-04-26T07:11:27Z" finished-at="2016-04-26T07:11:27Z">
      <class name="com.xiaoneng.uiautotest.testsuits.testcases.app.Example_Tests">
        <test-method status="FAIL" signature="beforeSuite(java.lang.String, java.lang.String, java.lang.String, java.lang.String, java.lang.String, java.lang.String, java.lang.String, java.lang.String, java.lang.String, int, java.lang.String, java.lang.String)[pri:0, instance:com.xiaoneng.uiautotest.testsuits.testcases.app.Example_Tests@100fc185]" name="beforeSuite" is-config="true" duration-ms="0" started-at="2016-04-26T15:10:55Z" finished-at="2016-04-26T15:10:55Z">
          <params>
            <param index="0">
              <value>
                <![CDATA[/apps]]>
              </value>
            </param>
            <param index="1">
              <value>
                <![CDATA[XiaonengChatDemo3.apk]]>
              </value>
            </param>
            <param index="2">
              <value>
                <![CDATA[Android]]>
              </value>
            </param>
            <param index="3">
              <value>
                <![CDATA[5.1]]>
              </value>
            </param>
            <param index="4">
              <value>
                <![CDATA[Nexus_4]]>
              </value>
            </param>
            <param index="5">
              <value>
                <![CDATA[com.example.androidsdk]]>
              </value>
            </param>
            <param index="6">
              <value>
                <![CDATA[com.example.androidsdk.MainActivity]]>
              </value>
            </param>
            <param index="7">
              <value>
                <![CDATA[5743]]>
              </value>
            </param>
            <param index="8">
              <value>
                <![CDATA[emulator-5554]]>
              </value>
            </param>
            <param index="9">
              <value>
                <![CDATA[30]]>
              </value>
            </param>
            <param index="10">
              <value>
                <![CDATA[chrome]]>
              </value>
            </param>
            <param index="11">
              <value>
                <![CDATA[]]>
              </value>
            </param>
          </params>
          <exception class="org.openqa.selenium.remote.UnreachableBrowserException">
            <message>
              <![CDATA[Could not start a new session. Possible causes are invalid address of the remote server or browser start-up failure.
Build info: version: '2.47.1', revision: 'unknown', time: '2015-07-30 11:02:44'
System info: host: 'dell-PC', ip: '192.168.30.133', os.name: 'Windows 7', os.arch: 'amd64', os.version: '6.1', java.version: '1.8.0_91'
Driver info: driver.version: AndroidDriver]]>
            </message>
            <full-stacktrace>
              <![CDATA[org.openqa.selenium.remote.UnreachableBrowserException: Could not start a new session. Possible causes are invalid address of the remote server or browser start-up failure.
Build info: version: '2.47.1', revision: 'unknown', time: '2015-07-30 11:02:44'
System info: host: 'dell-PC', ip: '192.168.30.133', os.name: 'Windows 7', os.arch: 'amd64', os.version: '6.1', java.version: '1.8.0_91'
Driver info: driver.version: AndroidDriver
	at org.openqa.selenium.remote.RemoteWebDriver.execute(RemoteWebDriver.java:589)
	at io.appium.java_client.DefaultGenericMobileDriver.execute(DefaultGenericMobileDriver.java:42)
	at io.appium.java_client.AppiumDriver.execute(AppiumDriver.java:1)
	at io.appium.java_client.android.AndroidDriver.execute(AndroidDriver.java:1)
	at org.openqa.selenium.remote.RemoteWebDriver.startSession(RemoteWebDriver.java:242)
	at org.openqa.selenium.remote.RemoteWebDriver.<init>(RemoteWebDriver.java:128)
	at org.openqa.selenium.remote.RemoteWebDriver.<init>(RemoteWebDriver.java:141)
	at io.appium.java_client.DefaultGenericMobileDriver.<init>(DefaultGenericMobileDriver.java:37)
	at io.appium.java_client.AppiumDriver.<init>(AppiumDriver.java:160)
	at io.appium.java_client.AppiumDriver.<init>(AppiumDriver.java:168)
	at io.appium.java_client.android.AndroidDriver.<init>(AndroidDriver.java:69)
	at com.xiaoneng.uiautotest.base.AutoTestBase.beforeSuite(AutoTestBase.java:161)
	at sun.reflect.NativeMethodAccessorImpl.invoke0(Native Method)
	at sun.reflect.NativeMethodAccessorImpl.invoke(Unknown Source)
	at sun.reflect.DelegatingMethodAccessorImpl.invoke(Unknown Source)
	at java.lang.reflect.Method.invoke(Unknown Source)
	at org.testng.internal.MethodInvocationHelper.invokeMethod(MethodInvocationHelper.java:85)
	at org.testng.internal.Invoker.invokeConfigurationMethod(Invoker.java:517)
	at org.testng.internal.Invoker.invokeConfigurations(Invoker.java:213)
	at org.testng.internal.Invoker.invokeConfigurations(Invoker.java:140)
	at org.testng.SuiteRunner.privateRun(SuiteRunner.java:296)
	at org.testng.SuiteRunner.run(SuiteRunner.java:259)
	at org.testng.SuiteRunnerWorker.runSuite(SuiteRunnerWorker.java:52)
	at org.testng.SuiteRunnerWorker.run(SuiteRunnerWorker.java:86)
	at org.testng.TestNG.runSuitesSequentially(TestNG.java:1199)
	at org.testng.TestNG.runSuitesLocally(TestNG.java:1124)
	at org.testng.TestNG.run(TestNG.java:1032)
	at org.testng.remote.RemoteTestNG.run(RemoteTestNG.java:111)
	at org.testng.remote.RemoteTestNG.initAndRun(RemoteTestNG.java:204)
	at org.testng.remote.RemoteTestNG.main(RemoteTestNG.java:175)
Caused by: org.openqa.selenium.WebDriverException: org.apache.http.conn.HttpHostConnectException: Connect to 127.0.0.1:5743 [/127.0.0.1] failed: Connection refused: connect
Build info: version: '2.47.1', revision: 'unknown', time: '2015-07-30 11:02:44'
System info: host: 'dell-PC', ip: '192.168.30.133', os.name: 'Windows 7', os.arch: 'amd64', os.version: '6.1', java.version: '1.8.0_91'
Driver info: driver.version: AndroidDriver
	at io.appium.java_client.remote.AppiumCommandExecutor.execute(AppiumCommandExecutor.java:64)
	at org.openqa.selenium.remote.RemoteWebDriver.execute(RemoteWebDriver.java:568)
	... 29 more
Caused by: org.apache.http.conn.HttpHostConnectException: Connect to 127.0.0.1:5743 [/127.0.0.1] failed: Connection refused: connect
	at org.apache.http.impl.conn.HttpClientConnectionOperator.connect(HttpClientConnectionOperator.java:140)
	at org.apache.http.impl.conn.PoolingHttpClientConnectionManager.connect(PoolingHttpClientConnectionManager.java:314)
	at org.apache.http.impl.execchain.MainClientExec.establishRoute(MainClientExec.java:363)
	at org.apache.http.impl.execchain.MainClientExec.execute(MainClientExec.java:219)
	at org.apache.http.impl.execchain.ProtocolExec.execute(ProtocolExec.java:195)
	at org.apache.http.impl.execchain.RetryExec.execute(RetryExec.java:86)
	at org.apache.http.impl.execchain.RedirectExec.execute(RedirectExec.java:108)
	at org.apache.http.impl.client.InternalHttpClient.doExecute(InternalHttpClient.java:186)
	at org.apache.http.impl.client.CloseableHttpClient.execute(CloseableHttpClient.java:72)
	at org.apache.http.impl.client.CloseableHttpClient.execute(CloseableHttpClient.java:57)
	at org.openqa.selenium.remote.internal.ApacheHttpClient.fallBackExecute(ApacheHttpClient.java:143)
	at org.openqa.selenium.remote.internal.ApacheHttpClient.execute(ApacheHttpClient.java:89)
	at org.openqa.selenium.remote.HttpCommandExecutor.execute(HttpCommandExecutor.java:134)
	at io.appium.java_client.remote.AppiumCommandExecutor.execute(AppiumCommandExecutor.java:52)
	... 30 more
Caused by: java.net.ConnectException: Connection refused: connect
	at java.net.DualStackPlainSocketImpl.waitForConnect(Native Method)
	at java.net.DualStackPlainSocketImpl.socketConnect(Unknown Source)
	at java.net.AbstractPlainSocketImpl.doConnect(Unknown Source)
	at java.net.AbstractPlainSocketImpl.connectToAddress(Unknown Source)
	at java.net.AbstractPlainSocketImpl.connect(Unknown Source)
	at java.net.PlainSocketImpl.connect(Unknown Source)
	at java.net.SocksSocketImpl.connect(Unknown Source)
	at java.net.Socket.connect(Unknown Source)
	at org.apache.http.conn.socket.PlainConnectionSocketFactory.connectSocket(PlainConnectionSocketFactory.java:72)
	at org.apache.http.impl.conn.HttpClientConnectionOperator.connect(HttpClientConnectionOperator.java:117)
	... 43 more
]]>
            </full-stacktrace>
          </exception> <!-- org.openqa.selenium.remote.UnreachableBrowserException -->
          <reporter-output>
            <line>
              <![CDATA[2016-04-26 15:10:55 : [INFO] 当前日期:20160426]]>
            </line>
            <line>
              <![CDATA[2016-04-26 15:10:55 : [INFO] 当前时间:1359]]>
            </line>
            <line>
              <![CDATA[2016-04-26 15:10:55 : [INFO] MobileCapabilityType.filePath = /apps]]>
            </line>
            <line>
              <![CDATA[2016-04-26 15:10:55 : [INFO] MobileCapabilityType.appName = XiaonengChatDemo3.apk]]>
            </line>
            <line>
              <![CDATA[2016-04-26 15:10:55 : [INFO] MobileCapabilityType.platformName = Android]]>
            </line>
            <line>
              <![CDATA[2016-04-26 15:10:55 : [INFO] MobileCapabilityType.platformVersion = 5.1]]>
            </line>
            <line>
              <![CDATA[2016-04-26 15:10:55 : [INFO] MobileCapabilityType.deviceName = Nexus_4]]>
            </line>
            <line>
              <![CDATA[2016-04-26 15:10:55 : [INFO] MobileCapabilityType.appPackage = com.example.androidsdk]]>
            </line>
            <line>
              <![CDATA[2016-04-26 15:10:55 : [INFO] MobileCapabilityType.appActivity = com.example.androidsdk.MainActivity]]>
            </line>
            <line>
              <![CDATA[2016-04-26 15:10:55 : [INFO] MobileCapabilityType.port = 5743]]>
            </line>
            <line>
              <![CDATA[2016-04-26 15:10:55 : [INFO] MobileCapabilityType.udid = emulator-5554]]>
            </line>
            <line>
              <![CDATA[2016-04-26 15:10:55 : [INFO] run emulator-5554 Appium Server in port 5743......]]>
            </line>
            <line>
              <![CDATA[2016-04-26 15:10:55 : [INFO] start appium >> node /usr/local/lib/node_modules/appium/bin/appium.js -a 127.0.0.1 -p 5743 -bp 5745 --session-override --chromedriver-port 10535 -U emulator-5554]]>
            </line>
          </reporter-output>
        </test-method> <!-- beforeSuite -->
        <test-method status="SKIP" signature="beforeClass()[pri:0, instance:com.xiaoneng.uiautotest.testsuits.testcases.app.Example_Tests@100fc185]" name="beforeClass" is-config="true" duration-ms="0" started-at="2016-04-26T15:11:27Z" finished-at="2016-04-26T15:11:27Z">
          <reporter-output>
          </reporter-output>
        </test-method> <!-- beforeClass -->
        <test-method status="SKIP" signature="example(java.lang.String)[pri:0, instance:com.xiaoneng.uiautotest.testsuits.testcases.app.Example_Tests@100fc185]" name="example" duration-ms="0" started-at="2016-04-26T15:11:27Z" finished-at="2016-04-26T15:11:27Z">
          <exception class="org.testng.TestNGException">
            <message>
              <![CDATA[
Parameter 'test' is required by @Test on method example but has not been marked @Optional or defined
in C:\Users\dell\Desktop\AutoTest\testSuits\testSuitExample_android.xml]]>
            </message>
            <full-stacktrace>
              <![CDATA[org.testng.TestNGException: 
Parameter 'test' is required by @Test on method example but has not been marked @Optional or defined
in C:\Users\dell\Desktop\AutoTest\testSuits\testSuitExample_android.xml
	at org.testng.internal.Parameters.createParameters(Parameters.java:165)
	at org.testng.internal.Parameters.createParameters(Parameters.java:372)
	at org.testng.internal.Parameters.handleParameters(Parameters.java:462)
	at org.testng.internal.Invoker.handleParameters(Invoker.java:1300)
	at org.testng.internal.Invoker.createParameters(Invoker.java:1015)
	at org.testng.internal.Invoker.invokeTestMethods(Invoker.java:1104)
	at org.testng.internal.TestMethodWorker.invokeTestMethods(TestMethodWorker.java:125)
	at org.testng.internal.TestMethodWorker.run(TestMethodWorker.java:108)
	at org.testng.TestRunner.privateRun(TestRunner.java:771)
	at org.testng.TestRunner.run(TestRunner.java:621)
	at org.testng.SuiteRunner.runTest(SuiteRunner.java:357)
	at org.testng.SuiteRunner.runSequentially(SuiteRunner.java:352)
	at org.testng.SuiteRunner.privateRun(SuiteRunner.java:310)
	at org.testng.SuiteRunner.run(SuiteRunner.java:259)
	at org.testng.SuiteRunnerWorker.runSuite(SuiteRunnerWorker.java:52)
	at org.testng.SuiteRunnerWorker.run(SuiteRunnerWorker.java:86)
	at org.testng.TestNG.runSuitesSequentially(TestNG.java:1199)
	at org.testng.TestNG.runSuitesLocally(TestNG.java:1124)
	at org.testng.TestNG.run(TestNG.java:1032)
	at org.testng.remote.RemoteTestNG.run(RemoteTestNG.java:111)
	at org.testng.remote.RemoteTestNG.initAndRun(RemoteTestNG.java:204)
	at org.testng.remote.RemoteTestNG.main(RemoteTestNG.java:175)
]]>
            </full-stacktrace>
          </exception> <!-- org.testng.TestNGException -->
          <reporter-output>
          </reporter-output>
        </test-method> <!-- example -->
        <test-method status="FAIL" signature="afterSuit()[pri:0, instance:com.xiaoneng.uiautotest.testsuits.testcases.app.Example_Tests@100fc185]" name="afterSuit" is-config="true" duration-ms="0" started-at="2016-04-26T15:11:27Z" finished-at="2016-04-26T15:11:27Z">
          <exception class="java.lang.NullPointerException">
            <full-stacktrace>
              <![CDATA[java.lang.NullPointerException
	at com.xiaoneng.uiautotest.base.AutoTestBase.afterSuit(AutoTestBase.java:269)
	at sun.reflect.NativeMethodAccessorImpl.invoke0(Native Method)
	at sun.reflect.NativeMethodAccessorImpl.invoke(Unknown Source)
	at sun.reflect.DelegatingMethodAccessorImpl.invoke(Unknown Source)
	at java.lang.reflect.Method.invoke(Unknown Source)
	at org.testng.internal.MethodInvocationHelper.invokeMethod(MethodInvocationHelper.java:85)
	at org.testng.internal.Invoker.invokeConfigurationMethod(Invoker.java:517)
	at org.testng.internal.Invoker.invokeConfigurations(Invoker.java:213)
	at org.testng.internal.Invoker.invokeConfigurations(Invoker.java:140)
	at org.testng.SuiteRunner.privateRun(SuiteRunner.java:327)
	at org.testng.SuiteRunner.run(SuiteRunner.java:259)
	at org.testng.SuiteRunnerWorker.runSuite(SuiteRunnerWorker.java:52)
	at org.testng.SuiteRunnerWorker.run(SuiteRunnerWorker.java:86)
	at org.testng.TestNG.runSuitesSequentially(TestNG.java:1199)
	at org.testng.TestNG.runSuitesLocally(TestNG.java:1124)
	at org.testng.TestNG.run(TestNG.java:1032)
	at org.testng.remote.RemoteTestNG.run(RemoteTestNG.java:111)
	at org.testng.remote.RemoteTestNG.initAndRun(RemoteTestNG.java:204)
	at org.testng.remote.RemoteTestNG.main(RemoteTestNG.java:175)
]]>
            </full-stacktrace>
          </exception> <!-- java.lang.NullPointerException -->
          <reporter-output>
          </reporter-output>
        </test-method> <!-- afterSuit -->
      </class> <!-- com.xiaoneng.uiautotest.testsuits.testcases.app.Example_Tests -->
    </test> <!-- APP_Tests -->
  </suite> <!-- precodition -->
</testng-results>
