<?xml version="1.0" encoding="UTF-8"?>
<!-- Generated by org.testng.reporters.JUnitReportReporter -->
<testsuite hostname="dell-PC" name="com.xiaoneng.uiautotest.testsuits.testcases.app.Example_Tests" tests="1" failures="0" timestamp="22 Apr 2016 06:06:35 GMT" time="0.000" errors="1">
  <testcase name="example" time="0.000" classname="com.xiaoneng.uiautotest.testsuits.testcases.app.Example_Tests">
    <error type="org.testng.TestNGException" message="
Parameter &#039;test&#039; is required by @Test on method example but has not been marked @Optional or defined
in C:\Users\dell\AppData\Local\Temp\testng-eclipse-1094075561\testng-customsuite.xml">
      <![CDATA[org.testng.TestNGException: 
Parameter 'test' is required by @Test on method example but has not been marked @Optional or defined
in C:\Users\dell\AppData\Local\Temp\testng-eclipse-1094075561\testng-customsuite.xml
	at org.testng.internal.Parameters.createParameters(Parameters.java:165)
	at org.testng.internal.Parameters.createParameters(Parameters.java:372)
	at org.testng.internal.Parameters.handleParameters(Parameters.java:462)
	at org.testng.internal.Invoker.handleParameters(Invoker.java:1300)
	at org.testng.internal.Invoker.createParameters(Invoker.java:1015)
	at org.testng.internal.Invoker.invokeTestMethods(Invoker.java:1104)
	at org.testng.internal.TestMethodWorker.invokeTestMethods(TestMethodWorker.java:125)
	at org.testng.internal.TestMethodWorker.run(TestMethodWorker.java:108)
	at org.testng.TestRunner.privateRun(TestRunner.java:771)
	at org.testng.TestRunner.run(TestRunner.java:621)
	at org.testng.SuiteRunner.runTest(SuiteRunner.java:357)
	at org.testng.SuiteRunner.runSequentially(SuiteRunner.java:352)
	at org.testng.SuiteRunner.privateRun(SuiteRunner.java:310)
	at org.testng.SuiteRunner.run(SuiteRunner.java:259)
	at org.testng.SuiteRunnerWorker.runSuite(SuiteRunnerWorker.java:52)
	at org.testng.SuiteRunnerWorker.run(SuiteRunnerWorker.java:86)
	at org.testng.TestNG.runSuitesSequentially(TestNG.java:1199)
	at org.testng.TestNG.runSuitesLocally(TestNG.java:1124)
	at org.testng.TestNG.run(TestNG.java:1032)
	at org.testng.remote.RemoteTestNG.run(RemoteTestNG.java:111)
	at org.testng.remote.RemoteTestNG.initAndRun(RemoteTestNG.java:204)
	at org.testng.remote.RemoteTestNG.main(RemoteTestNG.java:175)
]]>
    </error>
  </testcase> <!-- example -->
</testsuite> <!-- com.xiaoneng.uiautotest.testsuits.testcases.app.Example_Tests -->
